#
# There is insufficient memory for the Java Runtime Environment to continue.
# Native memory allocation (malloc) failed to allocate 1067056 bytes for Chunk::new
# Possible reasons:
#   The system is out of physical RAM or swap space
#   In 32 bit mode, the process size limit was hit
# Possible solutions:
#   Reduce memory load on the system
#   Increase physical memory or swap space
#   Check if swap backing store is full
#   Use 64 bit Java on a 64 bit OS
#   Decrease Java heap size (-Xmx/-Xms)
#   Decrease number of Java threads
#   Decrease Java thread stack sizes (-Xss)
#   Set larger code cache with -XX:ReservedCodeCacheSize=
# This output file may be truncated or incomplete.
#
#  Out of Memory Error (allocation.cpp:390), pid=13108, tid=0x0000000000002164
#
# JRE version: Java(TM) SE Runtime Environment (8.0_151-b12) (build 1.8.0_151-b12)
# Java VM: Java HotSpot(TM) 64-Bit Server VM (25.151-b12 mixed mode windows-amd64 compressed oops)
# Failed to write core dump. Minidumps are not enabled by default on client versions of Windows
#

---------------  T H R E A D  ---------------

Current thread (0x0000000017224800):  JavaThread "C2 CompilerThread1" daemon [_thread_in_native, id=8548, stack(0x0000000018980000,0x0000000018a80000)]

Stack: [0x0000000018980000,0x0000000018a80000]
[error occurred during error reporting (printing stack bounds), id 0xc0000005]

Native frames: (J=compiled Java code, j=interpreted, Vv=VM code, C=native code)


Current CompileTask:
C2:3466787 26890   !   4       com.google.common.reflect.TypeVisitor::visit (225 bytes)


---------------  P R O C E S S  ---------------

Java Threads: ( => current thread )
  0x000000001c1e9000 JavaThread "Execution worker for ':' Thread 3" [_thread_blocked, id=13340, stack(0x0000000025440000,0x0000000025540000)]
  0x000000001c1ef000 JavaThread "Execution worker for ':' Thread 2" [_thread_in_native, id=4148, stack(0x0000000025140000,0x0000000025240000)]
  0x000000001d8a4000 JavaThread "Execution worker for ':'" [_thread_blocked, id=3520, stack(0x0000000024e40000,0x0000000024f40000)]
  0x000000001d8a3000 JavaThread "Cache worker for file content cache (C:\Users\ASUS_PC\AndroidStudioProjects\AigenTechChallengeB\.gradle\5.4.1\fileContent)" [_thread_blocked, id=2496, stack(0x0000000024d40000,0x0000000024e40000)]
  0x000000001d8a1000 JavaThread "Cache worker for Build Output Cleanup Cache (C:\Users\ASUS_PC\AndroidStudioProjects\AigenTechChallengeB\.gradle\buildOutputCleanup)" [_thread_blocked, id=1012, stack(0x0000000024a40000,0x0000000024b40000)]
  0x000000001d8a4800 JavaThread "pool-33-thread-1" [_thread_blocked, id=3080, stack(0x0000000024840000,0x0000000024940000)]
  0x000000001d8a0000 JavaThread "Build operations Thread 4" [_thread_blocked, id=5772, stack(0x0000000023360000,0x0000000023460000)]
  0x000000001d896000 JavaThread "Build operations Thread 3" [_thread_blocked, id=15012, stack(0x0000000023060000,0x0000000023160000)]
  0x000000001d89a800 JavaThread "Build operations Thread 2" [_thread_blocked, id=8300, stack(0x0000000022b60000,0x0000000022c60000)]
  0x000000001d897800 JavaThread "Build operations" [_thread_blocked, id=10332, stack(0x0000000022a60000,0x0000000022b60000)]
  0x000000001d898800 JavaThread "Cache worker for cache directory md-rule (C:\Users\ASUS_PC\.gradle\caches\5.4.1\md-rule)" [_thread_blocked, id=6484, stack(0x0000000022960000,0x0000000022a60000)]
  0x000000001d89d000 JavaThread "Cache worker for cache directory md-supplier (C:\Users\ASUS_PC\.gradle\caches\5.4.1\md-supplier)" [_thread_blocked, id=11836, stack(0x000000001f7e0000,0x000000001f8e0000)]
  0x000000001d897000 JavaThread "Cache worker for file hash cache (C:\Users\ASUS_PC\AndroidStudioProjects\AigenTechChallengeB\.gradle\5.4.1\fileHashes)" [_thread_blocked, id=12880, stack(0x000000001f340000,0x000000001f440000)]
  0x000000001d89a000 JavaThread "Thread-393" [_thread_blocked, id=14428, stack(0x000000001bed0000,0x000000001bfd0000)]
  0x000000001d895800 JavaThread "Stdin handler" [_thread_blocked, id=9232, stack(0x000000001bad0000,0x000000001bbd0000)]
  0x0000000018cb2800 JavaThread "Asynchronous log dispatcher for DefaultDaemonConnection: socket connection from /127.0.0.1:50830 to /127.0.0.1:62242" [_thread_blocked, id=14204, stack(0x000000001b9d0000,0x000000001bad0000)]
  0x0000000018cb7000 JavaThread "Cancel handler" [_thread_blocked, id=9568, stack(0x000000001b7d0000,0x000000001b8d0000)]
  0x0000000018cb6800 JavaThread "Handler for socket connection from /127.0.0.1:50830 to /127.0.0.1:62242" [_thread_in_native, id=6560, stack(0x000000001b6d0000,0x000000001b7d0000)]
  0x000000001c1ed000 JavaThread "Daemon worker Thread 13" [_thread_in_native, id=8500, stack(0x000000001b8d0000,0x000000001b9d0000)]
  0x000000001c1eb800 JavaThread "Daemon Thread 13" [_thread_blocked, id=12616, stack(0x000000001b3d0000,0x000000001b4d0000)]
  0x000000001c1ee800 JavaThread "Cache worker for Java compile cache (C:\Users\ASUS_PC\.gradle\caches\5.4.1\javaCompile)" [_thread_blocked, id=12192, stack(0x0000000021440000,0x0000000021540000)]
  0x000000001d8a1800 JavaThread "Cache worker for file content cache (C:\Users\ASUS_PC\.gradle\caches\5.4.1\fileContent)" [_thread_blocked, id=6048, stack(0x0000000024740000,0x0000000024840000)]
  0x000000001d89b800 JavaThread "Memory manager" [_thread_blocked, id=14448, stack(0x00000000006d0000,0x00000000007d0000)]
  0x000000001d89c000 JavaThread "Cache worker for execution history cache (C:\Users\ASUS_PC\.gradle\caches\5.4.1\executionHistory)" [_thread_blocked, id=13288, stack(0x000000001f6e0000,0x000000001f7e0000)]
  0x0000000018cb3800 JavaThread "Cache worker for journal cache (C:\Users\ASUS_PC\.gradle\caches\journal-1)" [_thread_blocked, id=6248, stack(0x000000001bdd0000,0x000000001bed0000)]
  0x0000000018cb5000 JavaThread "File lock request listener" [_thread_in_native, id=6128, stack(0x000000001bcd0000,0x000000001bdd0000)]
  0x0000000018cb8000 JavaThread "Cache worker for file hash cache (C:\Users\ASUS_PC\.gradle\caches\5.4.1\fileHashes)" [_thread_blocked, id=13220, stack(0x000000001bbd0000,0x000000001bcd0000)]
  0x000000001a005800 JavaThread "Daemon periodic checks" [_thread_blocked, id=11920, stack(0x000000001b1d0000,0x000000001b2d0000)]
  0x000000001a017800 JavaThread "Incoming local TCP Connector on port 50830" [_thread_in_native, id=7868, stack(0x000000001af90000,0x000000001b090000)]
  0x0000000019f7e800 JavaThread "Daemon health stats" [_thread_blocked, id=14252, stack(0x000000001a950000,0x000000001aa50000)]
  0x0000000018b98800 JavaThread "Service Thread" daemon [_thread_blocked, id=6548, stack(0x0000000018f80000,0x0000000019080000)]
  0x000000001722b000 JavaThread "C1 CompilerThread2" daemon [_thread_blocked, id=2388, stack(0x0000000018a80000,0x0000000018b80000)]
=>0x0000000017224800 JavaThread "C2 CompilerThread1" daemon [_thread_in_native, id=8548, stack(0x0000000018980000,0x0000000018a80000)]
  0x000000001721f000 JavaThread "C2 CompilerThread0" daemon [_thread_blocked, id=6972, stack(0x0000000018880000,0x0000000018980000)]
  0x000000001721e000 JavaThread "Attach Listener" daemon [_thread_blocked, id=5012, stack(0x0000000018780000,0x0000000018880000)]
  0x000000001721d000 JavaThread "Signal Dispatcher" daemon [_thread_blocked, id=7948, stack(0x0000000018680000,0x0000000018780000)]
  0x0000000017209000 JavaThread "Finalizer" daemon [_thread_blocked, id=6536, stack(0x0000000018480000,0x0000000018580000)]
  0x00000000025f1000 JavaThread "Reference Handler" daemon [_thread_blocked, id=6544, stack(0x0000000018380000,0x0000000018480000)]
  0x0000000000b5d800 JavaThread "main" [_thread_blocked, id=1920, stack(0x0000000002400000,0x0000000002500000)]

Other Threads:
  0x00000000171e7000 VMThread [stack: 0x0000000018280000,0x0000000018380000] [id=5140]
  0x0000000018ba3800 WatcherThread [stack: 0x0000000019080000,0x0000000019180000] [id=4872]

VM state:not at safepoint (normal execution)

VM Mutex/Monitor currently owned by a thread: None

Heap:
 PSYoungGen      total 613376K, used 513607K [0x00000000d5580000, 0x0000000100000000, 0x0000000100000000)
  eden space 527872K, 81% used [0x00000000d5580000,0x00000000ef799718,0x00000000f5900000)
  from space 85504K, 99% used [0x00000000f5900000,0x00000000fac78690,0x00000000fac80000)
  to   space 85504K, 0% used [0x00000000fac80000,0x00000000fac80000,0x0000000100000000)
 ParOldGen       total 222208K, used 161641K [0x0000000080000000, 0x000000008d900000, 0x00000000d5580000)
  object space 222208K, 72% used [0x0000000080000000,0x0000000089dda498,0x000000008d900000)
 Metaspace       used 182298K, capacity 188240K, committed 188544K, reserved 1214464K
  class space    used 22409K, capacity 23591K, committed 23680K, reserved 1048576K

Card table byte_map: [0x00000000119c0000,0x0000000011dd0000] byte_map_base: 0x00000000115c0000

Marking Bits: (ParMarkBitMap*) 0x0000000060d9d850
 Begin Bits: [0x0000000012480000, 0x0000000014480000)
 End Bits:   [0x0000000014480000, 0x0000000016480000)

Polling page: 0x0000000000b20000

CodeCache: size=245760Kb used=71869Kb max_used=71887Kb free=173890Kb
 bounds [0x0000000002600000, 0x0000000006ca0000, 0x0000000011600000]
 total_blobs=21095 nmethods=20202 adapters=802
 compilation: enabled

Compilation events (10 events):
Event: 3466.572 Thread 0x000000001722b000 nmethod 26921 0x0000000006c84190 code [0x0000000006c842e0, 0x0000000006c843f0]
Event: 3466.594 Thread 0x000000001722b000 26922       3       org.gradle.api.internal.tasks.DefaultTaskContainer::getByPath (40 bytes)
Event: 3466.595 Thread 0x000000001722b000 nmethod 26922 0x0000000006c827d0 code [0x0000000006c82a20, 0x0000000006c83908]
Event: 3466.635 Thread 0x000000001721f000 nmethod 26897 0x0000000006c97e90 code [0x0000000006c98360, 0x0000000006c9a808]
Event: 3466.635 Thread 0x000000001721f000 26913       4       org.gradle.api.internal.artifacts.ivyservice.resolveengine.result.DetachedResolvedGraphDependency::<init> (73 bytes)
Event: 3466.636 Thread 0x000000001721f000 nmethod 26913 0x0000000003930b90 code [0x0000000003930cc0, 0x0000000003930d58]
Event: 3466.636 Thread 0x000000001721f000 26917       4       org.gradle.api.internal.artifacts.repositories.resolver.AbstractDependenciesMetadataAdapter::size (10 bytes)
Event: 3466.637 Thread 0x000000001721f000 nmethod 26917 0x0000000006c82190 code [0x0000000006c822e0, 0x0000000006c82378]
Event: 3466.637 Thread 0x000000001721f000 26914       4       org.gradle.api.internal.DefaultDomainObjectCollection::doAdd (29 bytes)
Event: 3466.639 Thread 0x000000001721f000 nmethod 26914 0x0000000006c81dd0 code [0x0000000006c81f20, 0x0000000006c82018]

GC Heap History (10 events):
Event: 3040.528 GC heap before
{Heap before GC invocations=26 (full 4):
 PSYoungGen      total 637440K, used 93328K [0x00000000d5580000, 0x0000000100000000, 0x0000000100000000)
  eden space 580096K, 9% used [0x00000000d5580000,0x00000000d8cc3a68,0x00000000f8c00000)
  from space 57344K, 64% used [0x00000000f8c00000,0x00000000fafe0768,0x00000000fc400000)
  to   space 57344K, 0% used [0x00000000fc800000,0x00000000fc800000,0x0000000100000000)
 ParOldGen       total 167424K, used 129605K [0x0000000080000000, 0x000000008a380000, 0x00000000d5580000)
  object space 167424K, 77% used [0x0000000080000000,0x0000000087e91630,0x000000008a380000)
 Metaspace       used 159394K, capacity 164118K, committed 164268K, reserved 1193984K
  class space    used 19710K, capacity 20670K, committed 20736K, reserved 1048576K
Event: 3040.596 GC heap after
Heap after GC invocations=26 (full 4):
 PSYoungGen      total 635392K, used 45870K [0x00000000d5580000, 0x0000000100000000, 0x0000000100000000)
  eden space 578048K, 0% used [0x00000000d5580000,0x00000000d5580000,0x00000000f8a00000)
  from space 57344K, 79% used [0x00000000fc800000,0x00000000ff4cba18,0x0000000100000000)
  to   space 60416K, 0% used [0x00000000f8a00000,0x00000000f8a00000,0x00000000fc500000)
 ParOldGen       total 167424K, used 129613K [0x0000000080000000, 0x000000008a380000, 0x00000000d5580000)
  object space 167424K, 77% used [0x0000000080000000,0x0000000087e93630,0x000000008a380000)
 Metaspace       used 159394K, capacity 164118K, committed 164268K, reserved 1193984K
  class space    used 19710K, capacity 20670K, committed 20736K, reserved 1048576K
}
Event: 3040.596 GC heap before
{Heap before GC invocations=27 (full 5):
 PSYoungGen      total 635392K, used 45870K [0x00000000d5580000, 0x0000000100000000, 0x0000000100000000)
  eden space 578048K, 0% used [0x00000000d5580000,0x00000000d5580000,0x00000000f8a00000)
  from space 57344K, 79% used [0x00000000fc800000,0x00000000ff4cba18,0x0000000100000000)
  to   space 60416K, 0% used [0x00000000f8a00000,0x00000000f8a00000,0x00000000fc500000)
 ParOldGen       total 167424K, used 129613K [0x0000000080000000, 0x000000008a380000, 0x00000000d5580000)
  object space 167424K, 77% used [0x0000000080000000,0x0000000087e93630,0x000000008a380000)
 Metaspace       used 159394K, capacity 164118K, committed 164268K, reserved 1193984K
  class space    used 19710K, capacity 20670K, committed 20736K, reserved 1048576K
Event: 3041.130 GC heap after
Heap after GC invocations=27 (full 5):
 PSYoungGen      total 635392K, used 0K [0x00000000d5580000, 0x0000000100000000, 0x0000000100000000)
  eden space 578048K, 0% used [0x00000000d5580000,0x00000000d5580000,0x00000000f8a00000)
  from space 57344K, 0% used [0x00000000fc800000,0x00000000fc800000,0x0000000100000000)
  to   space 60416K, 0% used [0x00000000f8a00000,0x00000000f8a00000,0x00000000fc500000)
 ParOldGen       total 222208K, used 100764K [0x0000000080000000, 0x000000008d900000, 0x00000000d5580000)
  object space 222208K, 45% used [0x0000000080000000,0x0000000086267130,0x000000008d900000)
 Metaspace       used 159304K, capacity 163962K, committed 164268K, reserved 1193984K
  class space    used 19690K, capacity 20632K, committed 20736K, reserved 1048576K
}
Event: 3083.883 GC heap before
{Heap before GC invocations=28 (full 5):
 PSYoungGen      total 635392K, used 578048K [0x00000000d5580000, 0x0000000100000000, 0x0000000100000000)
  eden space 578048K, 100% used [0x00000000d5580000,0x00000000f8a00000,0x00000000f8a00000)
  from space 57344K, 0% used [0x00000000fc800000,0x00000000fc800000,0x0000000100000000)
  to   space 60416K, 0% used [0x00000000f8a00000,0x00000000f8a00000,0x00000000fc500000)
 ParOldGen       total 222208K, used 100764K [0x0000000080000000, 0x000000008d900000, 0x00000000d5580000)
  object space 222208K, 45% used [0x0000000080000000,0x0000000086267130,0x000000008d900000)
 Metaspace       used 168290K, capacity 172938K, committed 173440K, reserved 1200128K
  class space    used 20748K, capacity 21728K, committed 21888K, reserved 1048576K
Event: 3083.971 GC heap after
Heap after GC invocations=28 (full 5):
 PSYoungGen      total 638464K, used 60388K [0x00000000d5580000, 0x0000000100000000, 0x0000000100000000)
  eden space 578048K, 0% used [0x00000000d5580000,0x00000000d5580000,0x00000000f8a00000)
  from space 60416K, 99% used [0x00000000f8a00000,0x00000000fc4f93b8,0x00000000fc500000)
  to   space 60416K, 0% used [0x00000000fc500000,0x00000000fc500000,0x0000000100000000)
 ParOldGen       total 222208K, used 116539K [0x0000000080000000, 0x000000008d900000, 0x00000000d5580000)
  object space 222208K, 52% used [0x0000000080000000,0x00000000871cef30,0x000000008d900000)
 Metaspace       used 168290K, capacity 172938K, committed 173440K, reserved 1200128K
  class space    used 20748K, capacity 21728K, committed 21888K, reserved 1048576K
}
Event: 3164.009 GC heap before
{Heap before GC invocations=29 (full 5):
 PSYoungGen      total 638464K, used 638436K [0x00000000d5580000, 0x0000000100000000, 0x0000000100000000)
  eden space 578048K, 100% used [0x00000000d5580000,0x00000000f8a00000,0x00000000f8a00000)
  from space 60416K, 99% used [0x00000000f8a00000,0x00000000fc4f93b8,0x00000000fc500000)
  to   space 60416K, 0% used [0x00000000fc500000,0x00000000fc500000,0x0000000100000000)
 ParOldGen       total 222208K, used 116539K [0x0000000080000000, 0x000000008d900000, 0x00000000d5580000)
  object space 222208K, 52% used [0x0000000080000000,0x00000000871cef30,0x000000008d900000)
 Metaspace       used 174840K, capacity 179458K, committed 179712K, reserved 1206272K
  class space    used 21491K, capacity 22474K, committed 22528K, reserved 1048576K
Event: 3164.156 GC heap after
Heap after GC invocations=29 (full 5):
 PSYoungGen      total 588288K, used 60384K [0x00000000d5580000, 0x0000000100000000, 0x0000000100000000)
  eden space 527872K, 0% used [0x00000000d5580000,0x00000000d5580000,0x00000000f5900000)
  from space 60416K, 99% used [0x00000000fc500000,0x00000000ffff80d0,0x0000000100000000)
  to   space 85504K, 0% used [0x00000000f5900000,0x00000000f5900000,0x00000000fac80000)
 ParOldGen       total 222208K, used 132480K [0x0000000080000000, 0x000000008d900000, 0x00000000d5580000)
  object space 222208K, 59% used [0x0000000080000000,0x00000000881603d0,0x000000008d900000)
 Metaspace       used 174840K, capacity 179458K, committed 179712K, reserved 1206272K
  class space    used 21491K, capacity 22474K, committed 22528K, reserved 1048576K
}
Event: 3427.120 GC heap before
{Heap before GC invocations=30 (full 5):
 PSYoungGen      total 588288K, used 588256K [0x00000000d5580000, 0x0000000100000000, 0x0000000100000000)
  eden space 527872K, 100% used [0x00000000d5580000,0x00000000f5900000,0x00000000f5900000)
  from space 60416K, 99% used [0x00000000fc500000,0x00000000ffff80d0,0x0000000100000000)
  to   space 85504K, 0% used [0x00000000f5900000,0x00000000f5900000,0x00000000fac80000)
 ParOldGen       total 222208K, used 132480K [0x0000000080000000, 0x000000008d900000, 0x00000000d5580000)
  object space 222208K, 59% used [0x0000000080000000,0x00000000881603d0,0x000000008d900000)
 Metaspace       used 178496K, capacity 184426K, committed 184704K, reserved 1210368K
  class space    used 21952K, capacity 23100K, committed 23168K, reserved 1048576K
Event: 3427.295 GC heap after
Heap after GC invocations=30 (full 5):
 PSYoungGen      total 613376K, used 85473K [0x00000000d5580000, 0x0000000100000000, 0x0000000100000000)
  eden space 527872K, 0% used [0x00000000d5580000,0x00000000d5580000,0x00000000f5900000)
  from space 85504K, 99% used [0x00000000f5900000,0x00000000fac78690,0x00000000fac80000)
  to   space 85504K, 0% used [0x00000000fac80000,0x00000000fac80000,0x0000000100000000)
 ParOldGen       total 222208K, used 161641K [0x0000000080000000, 0x000000008d900000, 0x00000000d5580000)
  object space 222208K, 72% used [0x0000000080000000,0x0000000089dda498,0x000000008d900000)
 Metaspace       used 178496K, capacity 184426K, committed 184704K, reserved 1210368K
  class space    used 21952K, capacity 23100K, committed 23168K, reserved 1048576K
}

Deoptimization events (10 events):
Event: 3166.569 Thread 0x000000001c1ed000 Uncommon trap: reason=unstable_if action=reinterpret pc=0x00000000066605b4 method=com.android.tools.r8.ir.regalloc.LiveIntervals.p()Z @ 9
Event: 3424.195 Thread 0x000000001d89a800 Uncommon trap: reason=unstable_if action=reinterpret pc=0x0000000003979ce0 method=org.gradle.internal.service.DefaultServiceRegistry$SingletonService.prepare()Lorg/gradle/internal/service/Service; @ 68
Event: 3424.195 Thread 0x000000001d89a000 Uncommon trap: reason=unstable_if action=reinterpret pc=0x0000000003979ce0 method=org.gradle.internal.service.DefaultServiceRegistry$SingletonService.prepare()Lorg/gradle/internal/service/Service; @ 68
Event: 3424.195 Thread 0x000000001d89d000 Uncommon trap: reason=unstable_if action=reinterpret pc=0x0000000003979ce0 method=org.gradle.internal.service.DefaultServiceRegistry$SingletonService.prepare()Lorg/gradle/internal/service/Service; @ 68
Event: 3426.403 Thread 0x000000001d89d000 Uncommon trap: reason=array_check action=maybe_recompile pc=0x0000000006a3e3f4 method=java.util.ComparableTimSort.mergeLo(IIII)V @ 133
Event: 3426.404 Thread 0x000000001d89d000 Uncommon trap: reason=array_check action=maybe_recompile pc=0x0000000006a4156c method=java.util.ComparableTimSort.mergeHi(IIII)V @ 171
Event: 3426.411 Thread 0x000000001d89d000 Uncommon trap: reason=array_check action=maybe_recompile pc=0x0000000006a4156c method=java.util.ComparableTimSort.mergeHi(IIII)V @ 171
Event: 3426.418 Thread 0x000000001d89d000 Uncommon trap: reason=array_check action=maybe_recompile pc=0x0000000006a3e3f4 method=java.util.ComparableTimSort.mergeLo(IIII)V @ 133
Event: 3427.593 Thread 0x000000001d89d000 Uncommon trap: reason=unstable_if action=reinterpret pc=0x000000000527d774 method=org.sqlite.SQLiteJDBCLoader.contentsEquals(Ljava/io/InputStream;Ljava/io/InputStream;)Z @ 39
Event: 3427.938 Thread 0x000000001d89d000 Uncommon trap: reason=unstable_if action=reinterpret pc=0x0000000004e8f80c method=org.antlr.v4.runtime.atn.ATNState.addTransition(ILorg/antlr/v4/runtime/atn/Transition;)V @ 115

Internal exceptions (10 events):
Event: 3428.063 Thread 0x000000001d89d000 Exception <a 'java/lang/NullPointerException'> (0x00000000d66085c8) thrown at [C:\re\workspace\8-2-build-windows-amd64-cygwin\jdk8u151\9699\hotspot\src\share\vm\interpreter\linkResolver.cpp, line 1183]
Event: 3428.242 Thread 0x000000001d89d000 Exception <a 'java/lang/NullPointerException'> (0x00000000d6d3e1f0) thrown at [C:\re\workspace\8-2-build-windows-amd64-cygwin\jdk8u151\9699\hotspot\src\share\vm\interpreter\linkResolver.cpp, line 1183]
Event: 3430.749 Thread 0x000000001d8a3000 Exception <a 'sun/nio/fs/WindowsException'> (0x00000000df76f170) thrown at [C:\re\workspace\8-2-build-windows-amd64-cygwin\jdk8u151\9699\hotspot\src\share\vm\prims\jni.cpp, line 709]
Event: 3430.793 Thread 0x000000001d8a3000 Exception <a 'sun/nio/fs/WindowsException'> (0x00000000df9ed0e8) thrown at [C:\re\workspace\8-2-build-windows-amd64-cygwin\jdk8u151\9699\hotspot\src\share\vm\prims\jni.cpp, line 709]
Event: 3430.798 Thread 0x000000001d8a3000 Exception <a 'sun/nio/fs/WindowsException'> (0x00000000dfa33e60) thrown at [C:\re\workspace\8-2-build-windows-amd64-cygwin\jdk8u151\9699\hotspot\src\share\vm\prims\jni.cpp, line 709]
Event: 3430.803 Thread 0x000000001d8a3000 Exception <a 'sun/nio/fs/WindowsException'> (0x00000000dfa3bc28) thrown at [C:\re\workspace\8-2-build-windows-amd64-cygwin\jdk8u151\9699\hotspot\src\share\vm\prims\jni.cpp, line 709]
Event: 3431.154 Thread 0x000000001d8a1000 Exception <a 'sun/nio/fs/WindowsException'> (0x00000000e06c1fc8) thrown at [C:\re\workspace\8-2-build-windows-amd64-cygwin\jdk8u151\9699\hotspot\src\share\vm\prims\jni.cpp, line 709]
Event: 3432.345 Thread 0x0000000018cb2800 Exception <a 'sun/nio/fs/WindowsException'> (0x00000000eabbc928) thrown at [C:\re\workspace\8-2-build-windows-amd64-cygwin\jdk8u151\9699\hotspot\src\share\vm\prims\jni.cpp, line 709]
Event: 3432.843 Thread 0x000000001c1ed000 Exception <a 'sun/nio/fs/WindowsException'> (0x00000000ec195850) thrown at [C:\re\workspace\8-2-build-windows-amd64-cygwin\jdk8u151\9699\hotspot\src\share\vm\prims\jni.cpp, line 709]
Event: 3466.399 Thread 0x000000001c1ed000 Exception <a 'sun/nio/fs/WindowsException'> (0x00000000ed251160) thrown at [C:\re\workspace\8-2-build-windows-amd64-cygwin\jdk8u151\9699\hotspot\src\share\vm\prims\jni.cpp, line 709]

Events (10 events):
Event: 3466.404 Thread 0x000000001d8a4800 Thread added: 0x000000001d8a4800
Event: 3466.409 Thread 0x000000001d8a1000 Thread added: 0x000000001d8a1000
Event: 3466.460 Thread 0x000000001d8a3000 Thread added: 0x000000001d8a3000
Event: 3466.606 Thread 0x000000001d8a4000 Thread added: 0x000000001d8a4000
Event: 3466.606 Thread 0x000000001c1ef000 Thread added: 0x000000001c1ef000
Event: 3466.606 Thread 0x000000001c1e9000 Thread added: 0x000000001c1e9000
Event: 3466.609 Executing VM operation: RevokeBias
Event: 3466.610 Executing VM operation: RevokeBias done
Event: 3466.610 Executing VM operation: RevokeBias
Event: 3466.610 Executing VM operation: RevokeBias done


Dynamic libraries:
0x00007ff7d1870000 - 0x00007ff7d18a7000 	C:\Program Files\Java\jdk1.8.0_151\bin\java.exe
0x00007ffa45560000 - 0x00007ffa45750000 	C:\WINDOWS\SYSTEM32\ntdll.dll
0x00007ffa447e0000 - 0x00007ffa44892000 	C:\WINDOWS\System32\KERNEL32.DLL
0x00007ffa432c0000 - 0x00007ffa43563000 	C:\WINDOWS\System32\KERNELBASE.dll
0x00007ffa442f0000 - 0x00007ffa44393000 	C:\WINDOWS\System32\ADVAPI32.dll
0x00007ffa44250000 - 0x00007ffa442ee000 	C:\WINDOWS\System32\msvcrt.dll
0x00007ffa44f70000 - 0x00007ffa45007000 	C:\WINDOWS\System32\sechost.dll
0x00007ffa449e0000 - 0x00007ffa44b00000 	C:\WINDOWS\System32\RPCRT4.dll
0x00007ffa452d0000 - 0x00007ffa45464000 	C:\WINDOWS\System32\USER32.dll
0x00007ffa43570000 - 0x00007ffa43591000 	C:\WINDOWS\System32\win32u.dll
0x00007ffa444f0000 - 0x00007ffa44516000 	C:\WINDOWS\System32\GDI32.dll
0x00007ffa426a0000 - 0x00007ffa42834000 	C:\WINDOWS\System32\gdi32full.dll
0x00007ffa43220000 - 0x00007ffa432be000 	C:\WINDOWS\System32\msvcp_win.dll
0x00007ffa425a0000 - 0x00007ffa4269a000 	C:\WINDOWS\System32\ucrtbase.dll
0x00007ffa37dc0000 - 0x00007ffa38045000 	C:\WINDOWS\WinSxS\amd64_microsoft.windows.common-controls_6595b64144ccf1df_6.0.18362.449_none_e6c7b265130c70a7\COMCTL32.dll
0x00007ffa43610000 - 0x00007ffa43946000 	C:\WINDOWS\System32\combase.dll
0x00007ffa42520000 - 0x00007ffa425a0000 	C:\WINDOWS\System32\bcryptPrimitives.dll
0x00007ffa45470000 - 0x00007ffa4549e000 	C:\WINDOWS\System32\IMM32.DLL
0x0000000063eb0000 - 0x0000000063f82000 	C:\Program Files\Java\jdk1.8.0_151\jre\bin\msvcr100.dll
0x0000000060580000 - 0x0000000060e1d000 	C:\Program Files\Java\jdk1.8.0_151\jre\bin\server\jvm.dll
0x00007ffa3dd00000 - 0x00007ffa3dd24000 	C:\WINDOWS\SYSTEM32\WINMM.dll
0x00007ffa3c350000 - 0x00007ffa3c35a000 	C:\WINDOWS\SYSTEM32\VERSION.dll
0x00007ffa443a0000 - 0x00007ffa443a8000 	C:\WINDOWS\System32\PSAPI.DLL
0x00007ffa3dcd0000 - 0x00007ffa3dcfd000 	C:\WINDOWS\SYSTEM32\winmmbase.dll
0x00007ffa435a0000 - 0x00007ffa435ea000 	C:\WINDOWS\System32\cfgmgr32.dll
0x00007ffa40f30000 - 0x00007ffa40f39000 	C:\WINDOWS\SYSTEM32\WSOCK32.dll
0x00007ffa44970000 - 0x00007ffa449df000 	C:\WINDOWS\System32\WS2_32.dll
0x0000000063ea0000 - 0x0000000063eaf000 	C:\Program Files\Java\jdk1.8.0_151\jre\bin\verify.dll
0x0000000063e70000 - 0x0000000063e99000 	C:\Program Files\Java\jdk1.8.0_151\jre\bin\java.dll
0x0000000063e50000 - 0x0000000063e66000 	C:\Program Files\Java\jdk1.8.0_151\jre\bin\zip.dll
0x00007ffa43950000 - 0x00007ffa44035000 	C:\WINDOWS\System32\SHELL32.dll
0x00007ffa44040000 - 0x00007ffa440e9000 	C:\WINDOWS\System32\shcore.dll
0x00007ffa42990000 - 0x00007ffa4310e000 	C:\WINDOWS\System32\windows.storage.dll
0x00007ffa424d0000 - 0x00007ffa424ef000 	C:\WINDOWS\System32\profapi.dll
0x00007ffa42440000 - 0x00007ffa4248a000 	C:\WINDOWS\System32\powrprof.dll
0x00007ffa42430000 - 0x00007ffa42440000 	C:\WINDOWS\System32\UMPDC.dll
0x00007ffa451c0000 - 0x00007ffa45212000 	C:\WINDOWS\System32\shlwapi.dll
0x00007ffa42490000 - 0x00007ffa424a1000 	C:\WINDOWS\System32\kernel.appcore.dll
0x00007ffa435f0000 - 0x00007ffa43607000 	C:\WINDOWS\System32\cryptsp.dll
0x0000000063e30000 - 0x0000000063e4a000 	C:\Program Files\Java\jdk1.8.0_151\jre\bin\net.dll
0x00007ffa41ca0000 - 0x00007ffa41d07000 	C:\WINDOWS\system32\mswsock.dll
0x0000000063e10000 - 0x0000000063e21000 	C:\Program Files\Java\jdk1.8.0_151\jre\bin\nio.dll
0x00007ffa31290000 - 0x00007ffa312b6000 	C:\Users\ASUS_PC\.gradle\native\29\windows-amd64\native-platform.dll
0x0000000063e00000 - 0x0000000063e0d000 	C:\Program Files\Java\jdk1.8.0_151\jre\bin\management.dll
0x00007ffa41810000 - 0x00007ffa41843000 	C:\WINDOWS\system32\rsaenh.dll
0x00007ffa424f0000 - 0x00007ffa42516000 	C:\WINDOWS\System32\bcrypt.dll
0x00007ffa42320000 - 0x00007ffa42345000 	C:\WINDOWS\SYSTEM32\USERENV.dll
0x00007ffa41e70000 - 0x00007ffa41e7c000 	C:\WINDOWS\SYSTEM32\CRYPTBASE.dll
0x00007ffa419b0000 - 0x00007ffa419ea000 	C:\WINDOWS\SYSTEM32\IPHLPAPI.DLL
0x00007ffa44240000 - 0x00007ffa44248000 	C:\WINDOWS\System32\NSI.dll
0x00007ffa36210000 - 0x00007ffa36226000 	C:\WINDOWS\SYSTEM32\dhcpcsvc6.DLL
0x00007ffa380e0000 - 0x00007ffa380fc000 	C:\WINDOWS\SYSTEM32\dhcpcsvc.DLL
0x00007ffa41a00000 - 0x00007ffa41aca000 	C:\WINDOWS\SYSTEM32\DNSAPI.dll
0x0000000063dd0000 - 0x0000000063df4000 	C:\Program Files\Java\jdk1.8.0_151\jre\bin\sunec.dll
0x00007ffa38510000 - 0x00007ffa3851a000 	C:\Windows\System32\rasadhlp.dll
0x00007ffa35db0000 - 0x00007ffa35e27000 	C:\WINDOWS\System32\fwpuclnt.dll
0x0000000063dc0000 - 0x0000000063dcb000 	C:\Program Files\Java\jdk1.8.0_151\jre\bin\sunmscapi.dll
0x00007ffa42840000 - 0x00007ffa42989000 	C:\WINDOWS\System32\CRYPT32.dll
0x00007ffa424b0000 - 0x00007ffa424c2000 	C:\WINDOWS\System32\MSASN1.dll
0x00007ffa3fa40000 - 0x00007ffa3facf000 	C:\WINDOWS\system32\apphelp.dll
0x0000000066e00000 - 0x0000000066f03000 	C:\Users\ASUS_PC\AppData\Local\Temp\room-d617b36c-dbab-4b51-bf28-0d1a65fc130e\sqlite-3.25.2-9cd0ebeb-1060-4603-8e58-5e9e57f72245-sqlitejdbc.dll
0x0000000027500000 - 0x0000000027603000 	C:\Users\ASUS_PC\AppData\Local\Temp\room-3dbc8cfe-f9a1-4247-a156-85e1e504d4fd\sqlite-3.25.2-f2286079-3128-45a9-878c-f6ab1028a792-sqlitejdbc.dll
0x0000000025740000 - 0x0000000025843000 	C:\Users\ASUS_PC\AppData\Local\Temp\room-8ed7682d-374e-413f-8994-22e5f7748fe6\sqlite-3.25.2-11e18079-9596-4b17-af5d-0b188f456032-sqlitejdbc.dll
0x0000000027390000 - 0x0000000027493000 	C:\Users\ASUS_PC\AppData\Local\Temp\room-d4ae942d-8d67-4eb2-8aca-2fc410c2b166\sqlite-3.25.2-067e582e-8738-4a2e-bd75-ee7b2d2ba727-sqlitejdbc.dll
0x0000000027810000 - 0x0000000027913000 	C:\Users\ASUS_PC\AppData\Local\Temp\room-dc4280d3-1714-45f1-a221-590dc85f6fe8\sqlite-3.25.2-ce5e98ab-93ac-4079-9756-9eba618ace2e-sqlitejdbc.dll
0x0000000029db0000 - 0x0000000029eb3000 	C:\Users\ASUS_PC\AppData\Local\Temp\room-33452e1c-a84e-4d68-90f3-9c92ac8a1ab4\sqlite-3.25.2-40aea004-c8e7-432b-aa79-c90fcc9c262f-sqlitejdbc.dll
0x000000002ace0000 - 0x000000002ade3000 	C:\Users\ASUS_PC\AppData\Local\Temp\room-d3875e3a-4097-45d2-91d5-d4ca745b990a\sqlite-3.25.2-4aa3c010-1b05-4908-9344-68a561962982-sqlitejdbc.dll
0x000000002b3f0000 - 0x000000002b4f3000 	C:\Users\ASUS_PC\AppData\Local\Temp\room-0fcb7fa2-641e-4ede-bd12-2aefc887db44\sqlite-3.25.2-5932a3b0-972c-4c7c-8a95-e176de401027-sqlitejdbc.dll
0x000000002bb00000 - 0x000000002bc03000 	C:\Users\ASUS_PC\AppData\Local\Temp\room-d38e191a-e33f-47aa-a1f8-6438837cbc0d\sqlite-3.25.2-9053c636-6744-4927-8cc4-0e1ee120349a-sqlitejdbc.dll
0x000000002c210000 - 0x000000002c313000 	C:\Users\ASUS_PC\AppData\Local\Temp\room-6b5ee8e7-1935-40f7-a3e4-38a587a4b21f\sqlite-3.25.2-cd8c1013-bd71-4af0-a5f1-041e7ddff9aa-sqlitejdbc.dll
0x0000000028b30000 - 0x0000000028c33000 	C:\Users\ASUS_PC\AppData\Local\Temp\room-4c5654e4-12d5-45ae-81b1-2f7fd5c392e7\sqlite-3.25.2-0e99b2d8-8a45-4b50-82e6-bbcc5f62f75e-sqlitejdbc.dll
0x000000002d2d0000 - 0x000000002d3d3000 	C:\Users\ASUS_PC\AppData\Local\Temp\room-e4c4eae1-8fd5-4b75-a6a2-24b339bbf49e\sqlite-3.25.2-e1a6800e-7ad4-4b8c-83c0-46d1bc068d73-sqlitejdbc.dll
0x000000002d0f0000 - 0x000000002d1f3000 	C:\Users\ASUS_PC\AppData\Local\Temp\room-64943bf1-9a79-4ccb-9d8d-b64ce28a7fd0\sqlite-3.25.2-3dea8fa5-1f72-4229-a4b6-4763c8d337e1-sqlitejdbc.dll
0x000000002d5e0000 - 0x000000002d6e3000 	C:\Users\ASUS_PC\AppData\Local\Temp\room-b129dd75-d1ac-438c-89e3-2eb45d24ef42\sqlite-3.25.2-941effa7-f5a2-4005-8094-323ab3d54ee4-sqlitejdbc.dll

VM Arguments:
jvm_args: -Xmx2048M -Dfile.encoding=windows-1252 -Duser.country=IN -Duser.language=en -Duser.variant 
java_command: org.gradle.launcher.daemon.bootstrap.GradleDaemon 5.4.1
java_class_path (initial): C:\Users\ASUS_PC\.gradle\wrapper\dists\gradle-5.4.1-all\3221gyojl5jsh0helicew7rwx\gradle-5.4.1\lib\gradle-launcher-5.4.1.jar
Launcher Type: SUN_STANDARD

Environment Variables:
JAVA_HOME=C:\Program Files\Java\jdk1.8.0_151
PATH=C:\ProgramData\Oracle\Java\javapath;C:\Program Files (x86)\Intel\iCLS Client\;C:\Program Files\Intel\iCLS Client\;C:\Windows\system32;C:\Windows;C:\Windows\System32\Wbem;C:\Windows\System32\WindowsPowerShell\v1.0\;C:\Program Files (x86)\Intel\Intel(R) Management Engine Components\DAL;C:\Program Files\Intel\Intel(R) Management Engine Components\DAL;C:\Program Files (x86)\Intel\Intel(R) Management Engine Components\IPT;C:\Program Files\Intel\Intel(R) Management Engine Components\IPT;C:\Program Files (x86)\NVIDIA Corporation\PhysX\Common;C:\Program Files\Java\jdk1.8.0_151\bin;C:\WINDOWS\system32;C:\WINDOWS;C:\WINDOWS\System32\Wbem;C:\WINDOWS\System32\WindowsPowerShell\v1.0\;C:\WINDOWS\System32\OpenSSH\;C:\Program Files\nodejs\;C:\src\flutter\bin;C:\Program Files\Git\cmd;C:\Program Files\NVIDIA Corporation\NVIDIA NvDLISR;C:\Users\ASUS_PC\AppData\Local\Programs\Python\Python37-32\Scripts\;C:\Users\ASUS_PC\AppData\Local\Programs\Python\Python37-32\;C:\Users\ASUS_PC\AppData\Local\Microsoft\WindowsApps;C:\Users\ASUS_PC\AppData\Roaming\npm;C:\Users\ASUS_PC\AppData\Local\atom\bin;C:\Users\ASUS_PC\AppData\Local\Microsoft\WindowsApps;
USERNAME=ASUS_PC
OS=Windows_NT
PROCESSOR_IDENTIFIER=Intel64 Family 6 Model 61 Stepping 4, GenuineIntel



---------------  S Y S T E M  ---------------

OS: Windows 10.0 , 64 bit Build 18362 (10.0.18362.329)

CPU:total 4 (initial active 4) (2 cores per cpu, 2 threads per core) family 6 model 61 stepping 4, cmov, cx8, fxsr, mmx, sse, sse2, sse3, ssse3, sse4.1, sse4.2, popcnt, avx, avx2, aes, clmul, erms, 3dnowpref, lzcnt, ht, tsc, tscinvbit, bmi1, bmi2, adx

Memory: 4k page, physical 8288608k(1087668k free), swap 13408608k(572k free)

vm_info: Java HotSpot(TM) 64-Bit Server VM (25.151-b12) for windows-amd64 JRE (1.8.0_151-b12), built on Sep  5 2017 19:33:46 by "java_re" with MS VC++ 10.0 (VS2010)

time: Mon Nov 11 01:44:53 2019
elapsed time: 3466 seconds (0d 0h 57m 46s)

