JvmtiExport can_access_local_variables 0
JvmtiExport can_hotswap_or_post_breakpoint 0
JvmtiExport can_post_on_exceptions 0
# 519 ciObject found
ciMethod java/lang/Object <init> ()V 4097 1 877985 0 0
ciMethod java/lang/Object hashCode ()I 2049 1 256 0 -1
ciMethod java/lang/Object equals (Ljava/lang/Object;)Z 2201 1 44484 0 -1
ciMethod java/lang/Object clone ()Ljava/lang/Object; 2049 1 256 0 -1
ciMethod java/lang/String <init> ([CII)V 2049 1 5452 0 704
ciMethod java/lang/String <init> ([CZ)V 2065 1 11955 0 0
ciMethod java/lang/String length ()I 3121 1 228578 0 0
ciMethod java/lang/String charAt (I)C 4097 1 1302153 0 -1
ciMethod java/lang/String codePointAt (I)I 889 1 5391 0 -1
ciMethod java/lang/String getChars ([CI)V 2049 1 5414 0 0
ciMethod java/lang/String equals (Ljava/lang/Object;)Z 2081 15921 7760 0 -1
ciMethod java/lang/String equalsIgnoreCase (Ljava/lang/String;)Z 2089 1 5413 0 1472
ciMethod java/lang/String regionMatches (ZILjava/lang/String;II)Z 1657 625 5352 0 -1
ciMethod java/lang/String startsWith (Ljava/lang/String;I)Z 2049 2505 5466 0 416
ciMethod java/lang/String startsWith (Ljava/lang/String;)Z 2113 1 43772 0 -1
ciMethod java/lang/String endsWith (Ljava/lang/String;)Z 2657 1 20324 0 384
ciMethod java/lang/String hashCode ()I 2537 32769 1106 0 -1
ciMethod java/lang/String lastIndexOf (I)I 2049 1 33889 0 0
ciMethod java/lang/String lastIndexOf (II)I 929 58201 960 0 288
ciMethod java/lang/String lastIndexOfSupplementary (II)I 0 0 1 0 -1
ciMethod java/lang/String indexOf (Ljava/lang/String;)I 2057 1 12907 0 -1
ciMethod java/lang/String substring (I)Ljava/lang/String; 2281 1 5523 0 -1
ciMethod java/lang/String substring (II)Ljava/lang/String; 2073 1 5386 0 992
ciMethod java/lang/String concat (Ljava/lang/String;)Ljava/lang/String; 2049 1 5408 0 896
ciMethod java/lang/String replace (CC)Ljava/lang/String; 977 49329 839 0 1152
ciMethod java/lang/String toLowerCase ()Ljava/lang/String; 2049 1 2370 0 -1
ciMethod java/lang/String toUpperCase (Ljava/util/Locale;)Ljava/lang/String; 1153 29289 859 0 -1
ciMethod java/lang/ClassLoader preDefineClass (Ljava/lang/String;Ljava/security/ProtectionDomain;)Ljava/security/ProtectionDomain; 4097 1 5766 0 -1
ciMethod java/lang/ClassLoader defineClassSourceLocation (Ljava/security/ProtectionDomain;)Ljava/lang/String; 4097 1 5650 0 -1
ciMethod java/lang/ClassLoader postDefineClass (Ljava/lang/Class;Ljava/security/ProtectionDomain;)V 4097 1 5650 0 -1
ciMethod java/lang/ClassLoader defineClass (Ljava/lang/String;[BIILjava/security/ProtectionDomain;)Ljava/lang/Class; 16433 1 7303 0 1472
ciMethod java/lang/ClassLoader defineClass1 (Ljava/lang/String;[BIILjava/security/ProtectionDomain;Ljava/lang/String;)Ljava/lang/Class; 4097 1 512 0 -1
ciMethod java/lang/ClassLoader definePackage (Ljava/lang/String;Ljava/lang/String;Ljava/lang/String;Ljava/lang/String;Ljava/lang/String;Ljava/lang/String;Ljava/lang/String;Ljava/net/URL;)Ljava/lang/Package; 1225 1 865 0 0
ciMethod java/lang/ClassLoader getPackage (Ljava/lang/String;)Ljava/lang/Package; 2097 1 5392 0 4032
ciMethod java/lang/System nanoTime ()J 3073 1 384 0 -1
ciMethod java/lang/System arraycopy (Ljava/lang/Object;ILjava/lang/Object;II)V 5121 1 640 0 -1
ciMethod java/lang/Throwable printStackTrace ()V 0 0 1 0 -1
ciMethod java/security/ProtectionDomain <init> (Ljava/security/CodeSource;Ljava/security/PermissionCollection;Ljava/lang/ClassLoader;[Ljava/security/Principal;)V 433 1 264 0 0
ciMethod java/security/SecureClassLoader defineClass (Ljava/lang/String;[BIILjava/security/CodeSource;)Ljava/lang/Class; 3209 1 8418 0 0
ciMethod java/security/SecureClassLoader defineClass (Ljava/lang/String;Ljava/nio/ByteBuffer;Ljava/security/CodeSource;)Ljava/lang/Class; 0 0 1 0 -1
ciMethod java/security/SecureClassLoader getPermissions (Ljava/security/CodeSource;)Ljava/security/PermissionCollection; 1137 1 139 0 -1
ciMethod java/security/SecureClassLoader getProtectionDomain (Ljava/security/CodeSource;)Ljava/security/ProtectionDomain; 3209 1 8420 0 0
ciMethod java/lang/ref/SoftReference <init> (Ljava/lang/Object;)V 2001 1 7486 0 -1
ciMethod java/lang/ref/SoftReference get ()Ljava/lang/Object; 2049 1 31028 0 -1
ciMethod java/lang/Thread currentThread ()Ljava/lang/Thread; 2049 1 256 0 -1
ciMethod java/lang/Thread interrupt ()V 0 0 1 0 -1
ciMethod java/lang/Thread interrupted ()Z 4097 1 18005 0 -1
ciMethod java/util/Map get (Ljava/lang/Object;)Ljava/lang/Object; 0 0 1 0 -1
ciMethod java/util/Map put (Ljava/lang/Object;Ljava/lang/Object;)Ljava/lang/Object; 0 0 1 0 -1
ciMethod java/util/Hashtable get (Ljava/lang/Object;)Ljava/lang/Object; 2049 313 5913 0 -1
ciMethod sun/misc/Unsafe getLong (J)J 3073 1 384 0 -1
ciMethod sun/misc/Unsafe putLong (JJ)V 2049 1 256 0 -1
ciMethod sun/misc/Unsafe ensureClassInitialized (Ljava/lang/Class;)V 2049 1 256 0 -1
ciMethod java/io/ByteArrayInputStream <init> ([B)V 49 1 455 0 -1
ciMethod java/io/InputStream <init> ()V 2049 1 18315 0 96
ciMethod java/io/InputStream read ([BII)I 9 1553 1 0 -1
ciMethod java/io/InputStream close ()V 9 1 1 0 -1
ciMethod java/io/File <init> (Ljava/io/File;Ljava/lang/String;)V 2057 1 3209 0 -1
ciMethod java/io/File getPath ()Ljava/lang/String; 1033 1 129 0 -1
ciMethod java/io/File getCanonicalFile ()Ljava/io/File; 929 1 116 0 -1
ciMethod java/io/File exists ()Z 2049 1 1548 0 -1
ciMethod java/net/URLClassLoader getAndVerifyPackage (Ljava/lang/String;Ljava/util/jar/Manifest;Ljava/net/URL;)Ljava/lang/Package; 4097 1 6248 0 0
ciMethod java/net/URLClassLoader definePackageInternal (Ljava/lang/String;Ljava/util/jar/Manifest;Ljava/net/URL;)V 3209 1 6248 0 0
ciMethod java/net/URLClassLoader defineClass (Ljava/lang/String;Lsun/misc/Resource;)Ljava/lang/Class; 1161 1 6257 0 0
ciMethod java/net/URLClassLoader definePackage (Ljava/lang/String;Ljava/util/jar/Manifest;Ljava/net/URL;)Ljava/lang/Package; 1225 1 624 0 0
ciMethod java/net/URLClassLoader isSealed (Ljava/lang/String;Ljava/util/jar/Manifest;)Z 2049 1 5386 0 10592
ciMethod java/net/URLClassLoader getPermissions (Ljava/security/CodeSource;)Ljava/security/PermissionCollection; 1129 1 138 0 -1
ciMethod java/net/URLClassLoader access$000 (Ljava/net/URLClassLoader;)Lsun/misc/URLClassPath; 1041 1 130 0 0
ciMethod java/net/URLClassLoader access$100 (Ljava/net/URLClassLoader;Ljava/lang/String;Lsun/misc/Resource;)Ljava/lang/Class; 1161 1 6257 0 0
ciMethod java/net/URL <init> (Ljava/net/URL;Ljava/lang/String;)V 2105 1 1529 0 -1
ciMethod java/net/URL getPort ()I 1049 1 131 0 -1
ciMethod java/net/URL getProtocol ()Ljava/lang/String; 1065 1 133 0 -1
ciMethod java/net/URL getHost ()Ljava/lang/String; 1081 1 135 0 -1
ciMethod java/net/URL getFile ()Ljava/lang/String; 1121 1 140 0 -1
ciMethod java/net/URL getRef ()Ljava/lang/String; 1081 1 135 0 -1
ciMethod java/net/URL equals (Ljava/lang/Object;)Z 3073 1 8390 0 0
ciMethod java/net/URL hashCode ()I 2049 1 9123 0 0
ciMethod java/util/jar/Manifest <init> (Ljava/io/InputStream;)V 153 1 82 0 -1
ciMethod java/util/jar/Manifest <init> (Ljava/util/jar/JarVerifier;Ljava/io/InputStream;)V 201 1 170 0 -1
ciMethod java/util/jar/Manifest getMainAttributes ()Ljava/util/jar/Attributes; 1025 1 128 0 0
ciMethod java/security/CodeSource <init> (Ljava/net/URL;[Ljava/security/CodeSigner;)V 3209 1 8693 0 0
ciMethod java/security/CodeSource hashCode ()I 2049 1 8539 0 0
ciMethod java/security/CodeSource equals (Ljava/lang/Object;)Z 3073 1 7670 0 0
ciMethod java/security/CodeSource matchCerts (Ljava/security/CodeSource;Z)Z 3081 1 7641 0 0
ciMethod java/nio/Buffer checkIndex (I)I 2113 1 808 0 0
ciMethod java/lang/Character charCount (I)I 1233 1 41399 0 -1
ciMethod java/lang/Character toChars (I[CI)I 0 0 1 0 -1
ciMethod java/lang/Character toChars (I)[C 0 0 1 0 -1
ciMethod java/lang/Character toUpperCaseEx (I)I 2097 1 30294 0 -1
ciMethod java/lang/Character toUpperCaseCharArray (I)[C 0 0 1 0 -1
ciMethod java/lang/Float isNaN (F)Z 2073 1 12081 0 -1
ciMethod java/util/Comparator compare (Ljava/lang/Object;Ljava/lang/Object;)I 0 0 1 0 -1
ciMethod java/security/cert/Certificate equals (Ljava/lang/Object;)Z 49 1 6 0 0
ciMethod java/util/AbstractList <init> ()V 2065 1 73449 0 0
ciMethod java/util/AbstractCollection <init> ()V 425 1 99543 0 -1
ciMethod java/util/ArrayList <init> ()V 937 1 52698 0 64
ciMethod java/util/ArrayList get (I)Ljava/lang/Object; 2033 1 10539 0 -1
ciMethod java/util/AbstractMap <init> ()V 473 1 28551 0 -1
ciMethod sun/misc/SharedSecrets javaUtilJarAccess ()Lsun/misc/JavaUtilJarAccess; 2049 1 12586 0 0
ciMethod java/util/HashMap hash (Ljava/lang/Object;)I 2105 1 51876 0 160
ciMethod java/util/HashMap tableSizeFor (I)I 2049 1 10508 0 -1
ciMethod java/util/HashMap <init> (IF)V 2049 1 10192 0 352
ciMethod java/util/HashMap <init> (I)V 2097 1 8558 0 192
ciMethod java/util/HashMap get (Ljava/lang/Object;)Ljava/lang/Object; 2049 1 16720 0 672
ciMethod java/util/HashMap getNode (ILjava/lang/Object;)Ljava/util/HashMap$Node; 2065 1 10512 0 480
ciMethod java/util/HashMap put (Ljava/lang/Object;Ljava/lang/Object;)Ljava/lang/Object; 905 1 14851 0 1248
ciMethod java/util/HashMap putVal (ILjava/lang/Object;Ljava/lang/Object;ZZ)Ljava/lang/Object; 937 1 16297 0 -1
ciMethod java/lang/Math min (II)I 3281 1 104771 0 -1
ciMethod java/io/FileInputStream <init> (Ljava/io/File;)V 2049 1 265 0 -1
ciMethod java/util/Arrays equals ([B[B)Z 1793 13353 394 0 -1
ciMethod java/util/Arrays copyOf ([BI)[B 2057 1 20379 0 -1
ciMethod java/util/Arrays copyOf ([CI)[C 1001 1 33890 0 0
ciMethod java/util/Arrays copyOfRange ([CII)[C 2257 1 5439 0 512
ciMethodData java/lang/Object <init> ()V 2 877985 orig 264 8 206 238 90 0 0 0 0 128 4 153 22 0 0 0 0 32 1 0 0 0 0 0 0 0 0 0 0 0 0 0 0 0 0 0 0 0 0 0 0 0 0 0 0 0 0 0 0 0 0 0 0 0 0 0 0 0 0 0 0 0 0 0 0 0 0 0 0 0 0 0 0 0 0 0 0 0 0 0 0 77 68 79 32 101 120 116 114 97 32 100 97 116 97 32 108 111 99 107 0 0 0 0 0 0 0 0 0 0 0 0 0 0 0 0 0 0 0 0 0 0 0 0 0 0 0 0 0 0 0 0 0 0 0 0 0 0 0 0 0 0 0 0 0 0 0 0 0 0 0 0 0 0 0 0 0 0 0 0 0 0 0 0 0 0 0 0 0 0 0 0 0 0 0 0 0 0 0 0 0 0 0 0 0 1 0 0 0 0 0 0 0 1 0 0 0 0 0 0 0 1 0 0 0 0 0 0 0 0 0 0 0 0 0 0 0 0 2 0 0 9 29 107 0 1 0 0 0 0 0 0 0 0 0 0 0 2 0 0 0 0 0 3 0 1 0 0 0 0 0 0 0 255 255 255 255 0 0 0 0 0 0 0 0 data 0 oops 0
ciMethod java/lang/IllegalArgumentException <init> (Ljava/lang/String;)V 0 0 1 0 -1
ciMethod sun/security/util/Debug println (Ljava/lang/String;)V 0 0 1 0 -1
ciMethod sun/misc/MetaIndex mayContain (Ljava/lang/String;)Z 2113 3265 5088 0 -1
ciMethod java/util/Locale getLanguage ()Ljava/lang/String; 473 1 1378 0 -1
ciMethod java/util/HashMap$TreeNode getTreeNode (ILjava/lang/Object;)Ljava/util/HashMap$TreeNode; 0 0 1 0 -1
ciMethod sun/net/www/ParseUtil encodePath (Ljava/lang/String;Z)Ljava/lang/String; 809 49361 910 0 -1
ciMethod java/net/URLStreamHandler getDefaultPort ()I 1073 1 11702 0 -1
ciMethod java/net/URLStreamHandler equals (Ljava/net/URL;Ljava/net/URL;)Z 3073 1 6531 0 2528
ciMethod java/net/URLStreamHandler hashCode (Ljava/net/URL;)I 1217 1 149 0 0
ciMethod java/net/URLStreamHandler sameFile (Ljava/net/URL;Ljava/net/URL;)Z 3097 1 6631 0 -1
ciMethod java/net/URLStreamHandler getHostAddress (Ljava/net/URL;)Ljava/net/InetAddress; 2049 1 5379 0 -1
ciMethod java/security/ProtectionDomain$Key <init> (Ljava/security/ProtectionDomain;)V 2049 1 265 0 -1
ciMethod java/util/HashSet <init> ()V 17 1 2641 0 -1
ciMethod sun/misc/URLClassPath getResource (Ljava/lang/String;Z)Lsun/misc/Resource; 1905 16721 1648 0 672
ciMethod sun/misc/URLClassPath getLookupCacheForClassLoader (Ljava/lang/ClassLoader;Ljava/lang/String;)[I 0 0 1 0 -1
ciMethod sun/misc/URLClassPath getLookupCache (Ljava/lang/String;)[I 1953 1 2255 0 0
ciMethod sun/misc/URLClassPath ensureLoaderOpened (I)Z 0 0 1 0 -1
ciMethod sun/misc/URLClassPath getNextLoader ([II)Lsun/misc/URLClassPath$Loader; 2537 1 7758 0 4896
ciMethod sun/misc/URLClassPath getLoader (I)Lsun/misc/URLClassPath$Loader; 2049 121 7753 0 -1
ciMethod sun/misc/URLClassPath check (Ljava/net/URL;)V 17 1 329 0 -1
ciMethod java/net/URLClassLoader$1 run ()Ljava/lang/Class; 3145 1 19819 0 0
ciMethod java/net/URLClassLoader$1 run ()Ljava/lang/Object; 3145 1 19849 0 -1
ciMethod sun/misc/URLClassPath$JarLoader ensureOpen ()V 753 1 5222 3 -1
ciMethod sun/misc/URLClassPath$JarLoader checkResource (Ljava/lang/String;ZLjava/util/jar/JarEntry;)Lsun/misc/Resource; 233 1 630 0 -1
ciMethod sun/misc/URLClassPath$JarLoader getResource (Ljava/lang/String;Z)Lsun/misc/Resource; 3329 1 15046 0 2496
ciMethod sun/misc/URLClassPath$JarLoader getResource (Ljava/lang/String;ZLjava/util/Set;)Lsun/misc/Resource; 1 1 5135 0 -1
ciMethod sun/misc/URLClassPath$JarLoader access$600 (Lsun/misc/URLClassPath$JarLoader;)Ljava/net/URL; 1025 1 128 0 0
ciMethod sun/misc/URLClassPath$JarLoader access$700 (Lsun/misc/URLClassPath$JarLoader;)Ljava/util/jar/JarFile; 1041 1 130 0 0
ciMethod sun/misc/URLClassPath$Loader getBaseURL ()Ljava/net/URL; 1025 1 128 0 -1
ciMethod sun/misc/URLClassPath$Loader getResource (Ljava/lang/String;Z)Lsun/misc/Resource; 0 0 1 0 -1
ciMethod java/util/zip/ZipFile getEntry (J[BZ)J 3073 1 384 0 -1
ciMethod java/util/zip/ZipFile getInputStream (Ljava/util/zip/ZipEntry;)Ljava/io/InputStream; 2049 1 7456 0 8960
ciMethod java/util/zip/ZipFile getInflater ()Ljava/util/zip/Inflater; 2041 1 6400 0 -1
ciMethod java/util/zip/ZipFile ensureOpen ()V 2049 1 6425 0 -1
ciMethod java/util/zip/ZipFile getEntrySize (J)J 2049 1 256 0 -1
ciMethod java/util/zip/ZipFile getEntryMethod (J)I 2049 1 256 0 -1
ciMethodData java/lang/String length ()I 2 228578 orig 264 8 206 238 90 0 0 0 0 96 60 153 22 0 0 0 0 32 1 0 0 0 0 0 0 0 0 0 0 0 0 0 0 0 0 0 0 0 0 0 0 0 0 0 0 0 0 0 0 0 0 0 0 0 0 0 0 0 0 0 0 0 0 0 0 0 0 0 0 0 0 0 0 0 0 0 0 0 0 0 0 77 68 79 32 101 120 116 114 97 32 100 97 116 97 32 108 111 99 107 0 0 0 0 0 0 0 0 0 0 0 0 0 0 0 0 0 0 0 0 0 0 0 0 0 0 0 0 0 0 0 0 0 0 0 0 0 0 0 0 0 0 0 0 0 0 0 0 0 0 0 0 0 0 0 0 0 0 0 0 0 0 0 0 0 0 0 0 0 0 0 0 0 0 0 0 0 0 0 0 0 0 0 0 0 1 0 0 0 0 0 0 0 0 0 0 0 0 0 0 0 1 0 0 0 0 0 0 0 0 0 0 0 0 0 0 0 134 1 0 0 225 218 27 0 1 0 0 0 0 0 0 0 0 0 0 0 2 0 0 0 0 0 3 0 1 0 0 0 0 0 0 0 255 255 255 255 0 0 0 0 0 0 0 0 data 0 oops 0
ciMethodData java/util/Arrays copyOf ([CI)[C 2 33890 orig 264 8 206 238 90 0 0 0 0 176 46 171 22 0 0 0 0 112 1 0 0 0 0 0 0 0 0 0 0 0 0 0 0 0 0 0 0 0 0 0 0 0 0 0 0 0 0 0 0 0 0 0 0 0 0 0 0 0 0 0 0 0 0 0 0 0 0 0 0 0 0 0 0 0 0 0 0 0 0 0 0 77 68 79 32 101 120 116 114 97 32 100 97 116 97 32 108 111 99 107 0 0 0 0 0 0 0 0 0 0 0 0 0 0 0 0 0 0 0 0 0 0 0 0 0 0 0 0 0 0 0 0 0 0 0 0 0 0 0 0 0 0 0 0 0 0 0 0 0 0 0 0 0 0 0 0 0 0 0 0 0 0 0 0 0 0 0 0 0 0 0 0 0 0 0 0 0 0 0 0 0 0 0 0 0 29 0 0 0 0 0 0 0 0 0 0 0 0 0 0 0 0 0 0 0 0 0 0 0 0 0 0 0 0 0 0 0 125 0 0 0 41 31 4 0 1 0 0 0 0 0 0 0 0 0 0 0 2 0 0 0 0 0 7 0 2 0 0 0 32 0 0 0 255 255 255 255 2 0 11 0 0 0 0 0 data 4 0xb0002 0x83e4 0xe0002 0x83e4 oops 0
ciMethod java/util/jar/JarFile getManifest ()Ljava/util/jar/Manifest; 729 1 5244 0 6176
ciMethod java/util/jar/JarFile getManifestFromReference ()Ljava/util/jar/Manifest; 745 1 5233 0 6176
ciMethod java/util/jar/JarFile getMetaInfEntryNames ()[Ljava/lang/String; 2057 1 257 0 -1
ciMethod java/util/jar/JarFile getJarEntry (Ljava/lang/String;)Ljava/util/jar/JarEntry; 761 1 10735 0 -1
ciMethod java/util/jar/JarFile maybeInstantiateVerifier ()V 2057 1105 10520 0 1024
ciMethod java/util/jar/JarFile initializeVerifier ()V 17 81 4 0 0
ciMethod java/util/jar/JarFile getBytes (Ljava/util/zip/ZipEntry;)[B 697 1 420 0 -1
ciMethod java/util/jar/JarFile getInputStream (Ljava/util/zip/ZipEntry;)Ljava/io/InputStream; 2049 1 7821 0 0
ciMethod java/util/jar/JarFile getManEntry ()Ljava/util/jar/JarEntry; 841 1 514 0 -1
ciMethod java/util/jar/JarFile ensureInitialization ()V 4097 1 6246 0 0
ciMethod java/util/jar/JarFile access$200 (Ljava/util/jar/JarFile;)V 4097 1 7785 0 0
ciMethod java/util/jar/JarFile access$300 (Ljava/util/jar/JarFile;)Ljava/util/jar/JarVerifier; 1025 1 128 0 0
ciMethod sun/misc/JavaUtilJarAccess getTrustedAttributes (Ljava/util/jar/Manifest;Ljava/lang/String;)Ljava/util/jar/Attributes; 0 0 1 0 -1
ciMethod sun/misc/JavaUtilJarAccess ensureInitialization (Ljava/util/jar/JarFile;)V 0 0 1 0 -1
ciMethod java/util/jar/JavaUtilJarAccessImpl ensureInitialization (Ljava/util/jar/JarFile;)V 4097 1 6246 0 0
ciMethod java/util/zip/ZipCoder getBytes (Ljava/lang/String;)[B 2073 1 6424 0 -1
ciMethod java/util/zip/ZipCoder getBytesUTF8 (Ljava/lang/String;)[B 0 0 1 0 -1
ciMethod java/util/zip/ZipCoder isUTF8 ()Z 1025 1 128 0 -1
ciMethod sun/misc/PerfCounter get ()J 2065 1 18641 0 0
ciMethod sun/misc/PerfCounter add (J)V 2065 1 18641 0 0
ciMethod sun/misc/PerfCounter addElapsedTimeFrom (J)V 1569 1 11661 0 576
ciMethod sun/misc/PerfCounter getReadClassBytesTime ()Lsun/misc/PerfCounter; 3209 1 6269 0 0
ciMethod java/nio/DirectLongBufferU ix (I)J 2113 1 13088 0 0
ciMethod java/nio/DirectLongBufferU get (I)J 3081 1 6546 0 96
ciMethod java/nio/DirectLongBufferU put (IJ)Ljava/nio/LongBuffer; 3105 1 6542 0 96
ciMethod java/nio/LongBuffer get (I)J 0 0 1 0 -1
ciMethod java/nio/LongBuffer put (IJ)Ljava/nio/LongBuffer; 0 0 1 0 -1
ciMethod java/util/zip/ZipEntry getName ()Ljava/lang/String; 169 1 19 0 -1
ciMethod java/util/zip/ZipEntry getSize ()J 3073 1 5955 0 0
ciMethod java/util/zip/ZipEntry isDirectory ()Z 113 1 12 0 -1
ciMethodData java/lang/String <init> ([CII)V 2 5452 orig 264 8 206 238 90 0 0 0 0 160 49 153 22 0 0 0 0 80 2 0 0 208 0 0 0 0 0 0 0 0 0 0 0 0 0 0 0 0 0 0 0 0 0 0 0 0 0 0 0 0 0 0 0 0 0 0 0 0 0 0 0 0 0 0 0 0 0 0 0 0 0 0 0 0 0 0 0 0 0 0 0 77 68 79 32 101 120 116 114 97 32 100 97 116 97 32 108 111 99 107 0 0 0 0 0 0 0 0 0 0 0 0 0 0 0 0 0 0 0 0 0 0 0 0 0 0 0 0 0 0 0 0 0 0 0 0 0 0 0 0 0 0 0 0 0 0 0 0 0 0 0 0 0 0 0 0 0 0 0 0 0 0 0 0 0 0 0 0 0 0 0 0 0 0 0 0 0 0 0 0 0 0 0 0 0 25 0 0 0 0 0 0 0 0 0 0 0 0 0 0 0 1 0 0 0 0 0 0 0 0 0 0 0 0 0 0 0 0 1 0 0 97 162 0 0 1 0 0 0 0 0 0 0 0 0 0 0 2 0 0 0 0 0 14 0 2 0 0 0 240 0 0 0 255 255 255 255 2 0 1 0 0 0 0 0 data 30 0x10002 0x144c 0x50007 0x144c 0x30 0x0 0xd0002 0x0 0x120007 0x143e 0x70 0xe 0x160007 0xe 0x30 0x0 0x1e0002 0x0 0x250007 0x0 0x20 0xe 0x370007 0x143e 0x30 0x0 0x410002 0x0 0x4b0002 0x143e oops 0
ciMethodData java/util/Arrays copyOfRange ([CII)[C 2 5439 orig 264 8 206 238 90 0 0 0 0 120 54 171 22 0 0 0 0 120 2 0 0 240 0 0 0 0 0 0 0 0 0 0 0 0 0 0 0 0 0 0 0 0 0 0 0 0 0 0 0 0 0 0 0 0 0 0 0 0 0 0 0 0 0 0 0 0 0 0 0 0 0 0 0 0 0 0 0 0 0 0 0 77 68 79 32 101 120 116 114 97 32 100 97 116 97 32 108 111 99 107 0 0 0 0 0 0 0 0 0 0 0 0 0 0 0 0 0 0 0 0 0 0 0 0 0 0 0 0 0 0 0 0 0 0 0 0 0 0 0 0 0 0 0 0 0 0 0 0 0 0 0 0 0 0 0 0 0 0 0 0 0 0 0 0 0 0 0 0 0 0 0 0 0 0 0 0 0 0 0 0 0 0 0 0 0 29 0 0 0 0 0 0 0 0 0 0 0 0 0 0 0 0 0 0 0 0 0 0 0 0 0 0 0 0 0 0 0 26 1 0 0 41 161 0 0 1 0 0 0 0 0 0 0 0 0 0 0 2 0 0 0 0 0 9 0 2 0 0 0 32 1 0 0 255 255 255 255 7 0 5 0 0 0 0 0 data 36 0x50007 0x1425 0x100 0x0 0x100002 0x0 0x140005 0x0 0x0 0x0 0x0 0x0 0x190005 0x0 0x0 0x0 0x0 0x0 0x1d0005 0x0 0x0 0x0 0x0 0x0 0x200005 0x0 0x0 0x0 0x0 0x0 0x230002 0x0 0x360002 0x1425 0x390002 0x1425 oops 0
ciMethod java/util/jar/JarFile$JarFileEntry getCodeSigners ()[Ljava/security/CodeSigner; 4097 1 7785 0 0
ciMethod java/util/jar/JarEntry getCodeSigners ()[Ljava/security/CodeSigner; 0 0 1 0 -1
ciMethod java/util/zip/ZipFile$ZipFileInputStream <init> (Ljava/util/zip/ZipFile;J)V 2049 1 7426 0 -1
ciMethod java/util/zip/ZipFile$ZipFileInflaterInputStream <init> (Ljava/util/zip/ZipFile;Ljava/util/zip/ZipFile$ZipFileInputStream;Ljava/util/zip/Inflater;I)V 2041 1 7420 0 -1
ciMethod java/util/jar/JarVerifier <init> ([B)V 49 1 88 0 -1
ciMethod java/util/jar/JarVerifier beginEntry (Ljava/util/jar/JarEntry;Lsun/security/util/ManifestEntryVerifier;)V 113 1 12 0 0
ciMethod java/util/jar/JarVerifier update (ILsun/security/util/ManifestEntryVerifier;)V 0 0 1 0 0
ciMethod java/util/jar/JarVerifier update (I[BIILsun/security/util/ManifestEntryVerifier;)V 249 1 27 0 -1
ciMethod java/util/jar/JarVerifier processEntry (Lsun/security/util/ManifestEntryVerifier;)V 113 1 12 0 -1
ciMethod java/util/jar/JarVerifier getCodeSigners (Ljava/util/jar/JarFile;Ljava/util/jar/JarEntry;)[Ljava/security/CodeSigner; 0 0 1 0 -1
ciMethod java/util/jar/JarVerifier nothingToVerify ()Z 49 1 4 0 -1
ciMethod java/util/jar/JarVerifier doneWithMeta ()V 49 1 4 0 -1
ciMethod java/security/CodeSigner getSignerCertPath ()Ljava/security/cert/CertPath; 49 1 6 0 -1
ciMethod java/security/CodeSigner getTimestamp ()Ljava/security/Timestamp; 33 1 4 0 -1
ciMethod java/security/CodeSigner equals (Ljava/lang/Object;)Z 0 0 2 0 0
ciMethod java/io/ByteArrayOutputStream write (I)V 2105 1 5776 0 -1
ciMethod java/io/ByteArrayOutputStream reset ()V 33 1 4 0 -1
ciMethod java/util/jar/Attributes get (Ljava/lang/Object;)Ljava/lang/Object; 2057 1 10762 0 0
ciMethod java/util/jar/Attributes getValue (Ljava/util/jar/Attributes$Name;)Ljava/lang/String; 2089 1 10683 0 0
ciMethod java/util/jar/Attributes$Name equals (Ljava/lang/Object;)Z 2089 1 1896 0 0
ciMethod java/util/jar/Attributes$Name hashCode ()I 2129 1 5406 0 672
ciMethod sun/misc/ASCIICaseInsensitiveComparator compare (Ljava/lang/String;Ljava/lang/String;)I 1033 21385 923 0 -1
ciMethod sun/misc/ASCIICaseInsensitiveComparator lowerCaseHashCode (Ljava/lang/String;)I 577 9889 1076 0 608
ciMethod sun/misc/ASCIICaseInsensitiveComparator toLower (I)I 2201 1 17711 0 -1
ciMethod sun/misc/ASCIICaseInsensitiveComparator compare (Ljava/lang/Object;Ljava/lang/Object;)I 2137 1 2141 0 0
ciMethod sun/misc/URLClassPath$JarLoader$2 getCodeSourceURL ()Ljava/net/URL; 3105 1 5508 0 64
ciMethod sun/misc/URLClassPath$JarLoader$2 getInputStream ()Ljava/io/InputStream; 4097 1 7666 0 0
ciMethod sun/misc/URLClassPath$JarLoader$2 getManifest ()Ljava/util/jar/Manifest; 4097 1 6246 0 0
ciMethod sun/misc/URLClassPath$JarLoader$2 getCodeSigners ()[Ljava/security/CodeSigner; 3105 1 8676 0 0
ciMethod sun/misc/Resource getCodeSourceURL ()Ljava/net/URL; 0 0 1 0 -1
ciMethod sun/misc/Resource getInputStream ()Ljava/io/InputStream; 0 0 1 0 -1
ciMethod sun/misc/Resource getContentLength ()I 0 0 1 0 -1
ciMethod sun/misc/Resource cachedInputStream ()Ljava/io/InputStream; 2049 1 13234 0 0
ciMethod sun/misc/Resource getBytes ()[B 3209 5697 5546 0 14336
ciMethod sun/misc/Resource getByteBuffer ()Ljava/nio/ByteBuffer; 3209 1 7688 0 0
ciMethod sun/misc/Resource getManifest ()Ljava/util/jar/Manifest; 0 0 1 0 -1
ciMethod sun/misc/Resource getCodeSigners ()[Ljava/security/CodeSigner; 89 1 11 0 0
ciMethod sun/security/util/SignatureFileVerifier isBlockOrSF (Ljava/lang/String;)Z 241 1 16 0 -1
ciMethod sun/security/util/ManifestEntryVerifier <init> (Ljava/util/jar/Manifest;)V 81 1 8 0 0
ciMethod sun/security/util/ManifestEntryVerifier setEntry (Ljava/lang/String;Ljava/util/jar/JarEntry;)V 65 33 8 0 -1
ciMethod sun/security/util/ManifestEntryVerifier update (B)V 0 0 1 0 -1
ciMethod java/lang/Package isSealed ()Z 2049 1 5601 0 0
ciMethod java/lang/Package isSealed (Ljava/net/URL;)Z 0 0 1 0 -1
ciMethod java/lang/Package <init> (Ljava/lang/String;Ljava/lang/String;Ljava/lang/String;Ljava/lang/String;Ljava/lang/String;Ljava/lang/String;Ljava/lang/String;Ljava/net/URL;Ljava/lang/ClassLoader;)V 2049 1 865 0 -1
ciMethod java/lang/Package getSystemPackage (Ljava/lang/String;)Ljava/lang/Package; 593 1 960 0 -1
ciMethod sun/nio/ByteBuffered getByteBuffer ()Ljava/nio/ByteBuffer; 0 0 1 0 -1
ciMethod java/security/PermissionCollection setReadOnly ()V 1001 1 122 0 -1
ciMethodData java/lang/String startsWith (Ljava/lang/String;I)Z 2 11456 orig 264 8 206 238 90 0 0 0 0 248 77 153 22 0 0 0 0 176 1 0 0 32 0 0 0 0 0 0 0 0 0 0 0 0 0 0 0 0 0 0 0 0 0 0 0 0 0 0 0 0 0 0 0 0 0 0 0 0 0 0 0 0 0 0 0 0 0 0 0 0 0 0 0 0 0 0 0 0 0 0 0 77 68 79 32 101 120 116 114 97 32 100 97 116 97 32 108 111 99 107 0 0 0 0 0 0 0 0 0 0 0 0 0 0 0 0 0 0 0 0 0 0 0 0 0 0 0 0 0 0 0 0 0 0 0 0 0 0 0 0 0 0 0 0 0 0 0 0 0 0 0 0 0 0 0 0 0 0 0 0 0 0 0 0 0 0 0 0 0 0 0 0 0 0 0 0 0 0 0 0 0 0 0 0 0 0 0 0 0 0 0 0 0 0 0 0 0 0 0 0 0 0 0 0 0 0 0 0 0 0 0 0 0 0 0 0 0 57 1 0 0 209 162 0 0 57 92 1 0 0 0 0 0 0 0 0 0 2 0 0 0 1 0 13 0 2 0 0 0 128 0 0 0 255 255 255 255 7 0 25 0 0 0 0 0 data 16 0x190007 0x4 0x40 0x1456 0x250007 0x1363 0x20 0xf3 0x2f0007 0x424 0x40 0x2b87 0x410007 0x1c48 0xffffffffffffffe0 0xf3f oops 0
ciMethodData java/util/HashMap hash (Ljava/lang/Object;)I 2 51876 orig 264 8 206 238 90 0 0 0 0 120 157 167 22 0 0 0 0 176 1 0 0 0 0 0 0 0 0 0 0 0 0 0 0 0 0 0 0 0 0 0 0 0 0 0 0 0 0 0 0 0 0 0 0 0 0 0 0 0 0 0 0 0 0 0 0 0 0 0 0 0 0 0 0 0 0 0 0 0 0 0 0 77 68 79 32 101 120 116 114 97 32 100 97 116 97 32 108 111 99 107 0 0 0 0 0 0 0 0 0 0 0 0 0 0 0 0 0 0 0 0 0 0 0 0 0 0 0 0 0 0 0 0 0 0 0 0 0 0 0 0 0 0 0 0 0 0 0 0 0 0 0 0 0 0 0 0 0 0 0 0 0 0 0 0 0 0 0 0 0 0 0 0 0 0 0 0 0 0 0 0 2 0 0 0 0 17 0 0 0 0 0 0 0 0 0 0 0 0 0 0 0 0 0 0 0 0 0 0 0 0 0 0 0 0 0 0 0 7 1 0 0 233 76 6 0 1 0 0 0 134 160 0 0 0 0 0 0 2 0 0 0 0 0 6 0 2 0 0 0 104 0 0 0 255 255 255 255 7 224 1 0 0 0 0 0 data 13 0x1e007 0xc91c 0x38 0x83 0x50003 0x83 0x48 0x90005 0x5c2a 0x255b7d0 0x3cb 0x255b110 0x6927 oops 2